#
# There is insufficient memory for the Java Runtime Environment to continue.
# Native memory allocation (mmap) failed to map 234881024 bytes for G1 virtual space
# Possible reasons:
#   The system is out of physical RAM or swap space
#   The process is running with CompressedOops enabled, and the Java Heap may be blocking the growth of the native heap
# Possible solutions:
#   Reduce memory load on the system
#   Increase physical memory or swap space
#   Check if swap backing store is full
#   Decrease Java heap size (-Xmx/-Xms)
#   Decrease number of Java threads
#   Decrease Java thread stack sizes (-Xss)
#   Set larger code cache with -XX:ReservedCodeCacheSize=
#   JVM is running with Zero Based Compressed Oops mode in which the Java heap is
#     placed in the first 32GB address space. The Java Heap base address is the
#     maximum limit for the native heap growth. Please use -XX:HeapBaseMinAddress
#     to set the Java Heap base and to place the Java Heap above 32GB virtual address.
# This output file may be truncated or incomplete.
#
#  Out of Memory Error (os_windows.cpp:3550), pid=23616, tid=27580
#
# JRE version: Java(TM) SE Runtime Environment (17.0.8+9) (build 17.0.8+9-LTS-211)
# Java VM: Java HotSpot(TM) 64-Bit Server VM (17.0.8+9-LTS-211, mixed mode, emulated-client, sharing, tiered, compressed oops, compressed class ptrs, g1 gc, windows-amd64)
# No core dump will be written. Minidumps are not enabled by default on client versions of Windows
#

---------------  S U M M A R Y ------------

Command Line: -XX:TieredStopAtLevel=1 -Xverify:none -Dspring.output.ansi.enabled=always -Dcom.sun.management.jmxremote -Dspring.jmx.enabled=true -Dspring.liveBeansView.mbeanDomain -Dspring.application.admin.enabled=true -javaagent:E:\IntelliJ IDEA 2022.1.3\lib\idea_rt.jar=9576:E:\IntelliJ IDEA 2022.1.3\bin -Dfile.encoding=UTF-8 com.example.SpringbootApplication

Host: Intel(R) Core(TM) i7-10750H CPU @ 2.60GHz, 12 cores, 31G,  Windows 10 , 64 bit Build 19041 (10.0.19041.3636)
Time: Sat Jan 27 17:48:45 2024  Windows 10 , 64 bit Build 19041 (10.0.19041.3636) elapsed time: 15.394844 seconds (0d 0h 0m 15s)

---------------  T H R E A D  ---------------

Current thread (0x000001cda404ab50):  VMThread "VM Thread" [stack: 0x0000004861700000,0x0000004861800000] [id=27580]

Stack: [0x0000004861700000,0x0000004861800000]
Native frames: (J=compiled Java code, j=interpreted, Vv=VM code, C=native code)
V  [jvm.dll+0x677d0a]
V  [jvm.dll+0x7d8c54]
V  [jvm.dll+0x7da3fe]
V  [jvm.dll+0x7daa63]
V  [jvm.dll+0x245c5f]
V  [jvm.dll+0x674bb9]
V  [jvm.dll+0x6694f2]
V  [jvm.dll+0x3031d6]
V  [jvm.dll+0x30a756]
V  [jvm.dll+0x359f9e]
V  [jvm.dll+0x35a1cf]
V  [jvm.dll+0x2da3e8]
V  [jvm.dll+0x2d87f5]
V  [jvm.dll+0x2d7dfc]
V  [jvm.dll+0x31b4cb]
V  [jvm.dll+0x7df26b]
V  [jvm.dll+0x7dffa4]
V  [jvm.dll+0x7e04bd]
V  [jvm.dll+0x7e0894]
V  [jvm.dll+0x7e0960]
V  [jvm.dll+0x788bba]
V  [jvm.dll+0x676b35]
C  [ucrtbase.dll+0x21bb2]
C  [KERNEL32.DLL+0x17344]
C  [ntdll.dll+0x526b1]

VM_Operation (0x00000048622fda70): G1CollectForAllocation, mode: safepoint, requested by thread 0x000001cdeafb5ee0


---------------  P R O C E S S  ---------------

Threads class SMR info:
_java_thread_list=0x000001cda4952090, length=26, elements={
0x000001cda404e650, 0x000001cda404f3d0, 0x000001cda4063bd0, 0x000001cda4067610,
0x000001cda4067ed0, 0x000001cda40697a0, 0x000001cda406b070, 0x000001cda406bf80,
0x000001cda4945810, 0x000001cda48a03d0, 0x000001cda4ba6c10, 0x000001cda4ba76d0,
0x000001cdea145850, 0x000001cdeacca9a0, 0x000001cdead359a0, 0x000001cdeae52600,
0x000001cdeae52ad0, 0x000001cdeaef55d0, 0x000001cdeaee1020, 0x000001cdeafb8560,
0x000001cdeafb7220, 0x000001cdeafb8090, 0x000001cdeafb8a30, 0x000001cdeafb76f0,
0x000001cdeafb5070, 0x000001cdeafb5ee0
}

Java Threads: ( => current thread )
  0x000001cda404e650 JavaThread "Reference Handler" daemon [_thread_blocked, id=20720, stack(0x0000004861800000,0x0000004861900000)]
  0x000001cda404f3d0 JavaThread "Finalizer" daemon [_thread_blocked, id=30056, stack(0x0000004861900000,0x0000004861a00000)]
  0x000001cda4063bd0 JavaThread "Signal Dispatcher" daemon [_thread_blocked, id=26356, stack(0x0000004861a00000,0x0000004861b00000)]
  0x000001cda4067610 JavaThread "Attach Listener" daemon [_thread_blocked, id=19508, stack(0x0000004861b00000,0x0000004861c00000)]
  0x000001cda4067ed0 JavaThread "Service Thread" daemon [_thread_blocked, id=30140, stack(0x0000004861c00000,0x0000004861d00000)]
  0x000001cda40697a0 JavaThread "Monitor Deflation Thread" daemon [_thread_blocked, id=16124, stack(0x0000004861d00000,0x0000004861e00000)]
  0x000001cda406b070 JavaThread "C1 CompilerThread0" daemon [_thread_blocked, id=700, stack(0x0000004861e00000,0x0000004861f00000)]
  0x000001cda406bf80 JavaThread "Sweeper thread" daemon [_thread_blocked, id=25300, stack(0x0000004861f00000,0x0000004862000000)]
  0x000001cda4945810 JavaThread "Common-Cleaner" daemon [_thread_blocked, id=18772, stack(0x0000004862000000,0x0000004862100000)]
  0x000001cda48a03d0 JavaThread "C1 CompilerThread1" daemon [_thread_blocked, id=15504, stack(0x0000004862100000,0x0000004862200000)]
  0x000001cda4ba6c10 JavaThread "Monitor Ctrl-Break" daemon [_thread_in_native, id=1192, stack(0x0000004862400000,0x0000004862500000)]
  0x000001cda4ba76d0 JavaThread "Notification Thread" daemon [_thread_blocked, id=26668, stack(0x0000004862500000,0x0000004862600000)]
  0x000001cdea145850 JavaThread "RMI TCP Accept-0" daemon [_thread_in_native, id=13296, stack(0x0000004862600000,0x0000004862700000)]
  0x000001cdeacca9a0 JavaThread "RMI TCP Connection(2)-100.92.208.66" daemon [_thread_in_native, id=12840, stack(0x0000004863300000,0x0000004863400000)]
  0x000001cdead359a0 JavaThread "RMI Scheduler(0)" daemon [_thread_blocked, id=21444, stack(0x0000004863400000,0x0000004863500000)]
  0x000001cdeae52600 JavaThread "Catalina-utility-1" [_thread_blocked, id=8960, stack(0x0000004863700000,0x0000004863800000)]
  0x000001cdeae52ad0 JavaThread "Catalina-utility-2" [_thread_blocked, id=20644, stack(0x0000004863800000,0x0000004863900000)]
  0x000001cdeaef55d0 JavaThread "container-0" [_thread_blocked, id=21620, stack(0x0000004863900000,0x0000004863a00000)]
  0x000001cdeaee1020 JavaThread "mysql-cj-abandoned-connection-cleanup" daemon [_thread_blocked, id=12740, stack(0x0000004863a00000,0x0000004863b00000)]
  0x000001cdeafb8560 JavaThread "http-nio-9090-Poller" daemon [_thread_in_native, id=3152, stack(0x0000004863b00000,0x0000004863c00000)]
  0x000001cdeafb7220 JavaThread "http-nio-9090-Acceptor" daemon [_thread_in_native, id=7356, stack(0x0000004863c00000,0x0000004863d00000)]
  0x000001cdeafb8090 JavaThread "scheduling-1" [_thread_blocked, id=28028, stack(0x0000004863d00000,0x0000004863e00000)]
  0x000001cdeafb8a30 JavaThread "DestroyJavaVM" [_thread_blocked, id=30088, stack(0x0000004861100000,0x0000004861200000)]
  0x000001cdeafb76f0 JavaThread "RMI TCP Connection(5)-100.92.208.66" daemon [_thread_in_native, id=27176, stack(0x0000004863e00000,0x0000004863f00000)]
  0x000001cdeafb5070 JavaThread "RMI TCP Connection(idle)" daemon [_thread_blocked, id=29824, stack(0x0000004863f00000,0x0000004864000000)]
  0x000001cdeafb5ee0 JavaThread "http-nio-9090-exec-1" daemon [_thread_blocked, id=17496, stack(0x0000004862200000,0x0000004862300000)]

Other Threads:
=>0x000001cda404ab50 VMThread "VM Thread" [stack: 0x0000004861700000,0x0000004861800000] [id=27580]
  0x000001cda4055de0 WatcherThread [stack: 0x0000004862700000,0x0000004862800000] [id=27436]
  0x000001cd8424d880 GCTaskThread "GC Thread#0" [stack: 0x0000004861200000,0x0000004861300000] [id=25708]
  0x000001cdea482e60 GCTaskThread "GC Thread#1" [stack: 0x0000004862800000,0x0000004862900000] [id=16668]
  0x000001cdea47d560 GCTaskThread "GC Thread#2" [stack: 0x0000004862900000,0x0000004862a00000] [id=23820]
  0x000001cdea47d810 GCTaskThread "GC Thread#3" [stack: 0x0000004862a00000,0x0000004862b00000] [id=4840]
  0x000001cdea5238b0 GCTaskThread "GC Thread#4" [stack: 0x0000004862b00000,0x0000004862c00000] [id=3892]
  0x000001cdea523fe0 GCTaskThread "GC Thread#5" [stack: 0x0000004862c00000,0x0000004862d00000] [id=19028]
  0x000001cdea296bd0 GCTaskThread "GC Thread#6" [stack: 0x0000004862d00000,0x0000004862e00000] [id=26252]
  0x000001cdea297300 GCTaskThread "GC Thread#7" [stack: 0x0000004862e00000,0x0000004862f00000] [id=24464]
  0x000001cdea2975b0 GCTaskThread "GC Thread#8" [stack: 0x0000004862f00000,0x0000004863000000] [id=11200]
  0x000001cdea297ce0 GCTaskThread "GC Thread#9" [stack: 0x0000004863000000,0x0000004863100000] [id=26588]
  0x000001cd8425e510 ConcurrentGCThread "G1 Main Marker" [stack: 0x0000004861300000,0x0000004861400000] [id=12628]
  0x000001cd8425ee30 ConcurrentGCThread "G1 Conc#0" [stack: 0x0000004861400000,0x0000004861500000] [id=29600]
  0x000001cdead50f90 ConcurrentGCThread "G1 Conc#1" [stack: 0x0000004863500000,0x0000004863600000] [id=28036]
  0x000001cdead50a30 ConcurrentGCThread "G1 Conc#2" [stack: 0x0000004863600000,0x0000004863700000] [id=16480]
  0x000001cda3f83dc0 ConcurrentGCThread "G1 Refine#0" [stack: 0x0000004861500000,0x0000004861600000] [id=25456]
  0x000001cdea479520 ConcurrentGCThread "G1 Refine#1" [stack: 0x0000004863100000,0x0000004863200000] [id=17624]
  0x000001cdea530830 ConcurrentGCThread "G1 Refine#2" [stack: 0x0000004863200000,0x0000004863300000] [id=26236]
  0x000001cda3f846f0 ConcurrentGCThread "G1 Service" [stack: 0x0000004861600000,0x0000004861700000] [id=17676]

Threads with active compile tasks:

VM state: at safepoint (normal execution)

VM Mutex/Monitor currently owned by a thread:  ([mutex/lock_event])
[0x000001cd8419da00] Threads_lock - owner thread: 0x000001cda404ab50
[0x000001cd8419c6e0] Heap_lock - owner thread: 0x000001cdeafb5ee0

Heap address: 0x0000000603800000, size: 8136 MB, Compressed Oops mode: Zero based, Oop shift amount: 3

CDS archive(s) mapped at: [0x000001cda5000000-0x000001cda5bd0000-0x000001cda5bd0000), size 12386304, SharedBaseAddress: 0x000001cda5000000, ArchiveRelocationMode: 1.
Compressed class space mapped at: 0x000001cda6000000-0x000001cde6000000, reserved size: 1073741824
Narrow klass base: 0x000001cda5000000, Narrow klass shift: 0, Narrow klass range: 0x100000000

GC Precious Log:
 CPUs: 12 total, 12 available
 Memory: 32534M
 Large Page Support: Disabled
 NUMA Support: Disabled
 Compressed Oops: Enabled (Zero based)
 Heap Region Size: 4M
 Heap Min Capacity: 8M
 Heap Initial Capacity: 512M
 Heap Max Capacity: 8136M
 Pre-touch: Disabled
 Parallel Workers: 10
 Concurrent Workers: 3
 Concurrent Refinement Workers: 10
 Periodic GC: Disabled

Heap:
 garbage-first heap   total 69632K, used 17289K [0x0000000603800000, 0x0000000800000000)
  region size 4096K, 1 young (4096K), 1 survivors (4096K)
 Metaspace       used 30997K, committed 31360K, reserved 1114112K
  class space    used 4210K, committed 4416K, reserved 1048576K

Heap Regions: E=young(eden), S=young(survivor), O=old, HS=humongous(starts), HC=humongous(continues), CS=collection set, F=free, OA=open archive, CA=closed archive, TAMS=top-at-mark-start (previous, next)
|   0|0x0000000603800000, 0x0000000603c00000, 0x0000000603c00000|100%| O|  |TAMS 0x0000000603c00000, 0x0000000603800000| Untracked 
|   1|0x0000000603c00000, 0x0000000603c00000, 0x0000000604000000|  0%| F|  |TAMS 0x0000000603c00000, 0x0000000603c00000| Untracked 
|   2|0x0000000604000000, 0x0000000604000000, 0x0000000604400000|  0%| F|  |TAMS 0x0000000604000000, 0x0000000604000000| Untracked 
|   3|0x0000000604400000, 0x0000000604400000, 0x0000000604800000|  0%| F|  |TAMS 0x0000000604400000, 0x0000000604400000| Untracked 
|   4|0x0000000604800000, 0x0000000604800000, 0x0000000604c00000|  0%| F|  |TAMS 0x0000000604800000, 0x0000000604800000| Untracked 
|   5|0x0000000604c00000, 0x0000000605000000, 0x0000000605000000|100%| O|  |TAMS 0x0000000604c00000, 0x0000000604c00000| Untracked 
|   6|0x0000000605000000, 0x0000000605400000, 0x0000000605400000|100%| O|  |TAMS 0x0000000605000000, 0x0000000605000000| Untracked 
|   7|0x0000000605400000, 0x0000000605574400, 0x0000000605800000| 36%| O|  |TAMS 0x0000000605400000, 0x0000000605400000| Untracked 
|   8|0x0000000605800000, 0x0000000605b6e3d0, 0x0000000605c00000| 85%| S|CS|TAMS 0x0000000605800000, 0x0000000605800000| Complete 
|   9|0x0000000605c00000, 0x0000000605c00000, 0x0000000606000000|  0%| F|  |TAMS 0x0000000605c00000, 0x0000000605c00000| Untracked 
|  10|0x0000000606000000, 0x0000000606000000, 0x0000000606400000|  0%| F|  |TAMS 0x0000000606000000, 0x0000000606000000| Untracked 
|  11|0x0000000606400000, 0x0000000606400000, 0x0000000606800000|  0%| F|  |TAMS 0x0000000606400000, 0x0000000606400000| Untracked 
|  12|0x0000000606800000, 0x0000000606800000, 0x0000000606c00000|  0%| F|  |TAMS 0x0000000606800000, 0x0000000606800000| Untracked 
|  13|0x0000000606c00000, 0x0000000606c00000, 0x0000000607000000|  0%| F|  |TAMS 0x0000000606c00000, 0x0000000606c00000| Untracked 
| 110|0x000000061f000000, 0x000000061f000000, 0x000000061f400000|  0%| F|  |TAMS 0x000000061f000000, 0x000000061f000000| Untracked 
| 111|0x000000061f400000, 0x000000061f400000, 0x000000061f800000|  0%| F|  |TAMS 0x000000061f400000, 0x000000061f400000| Untracked 
| 127|0x0000000623400000, 0x0000000623400000, 0x0000000623800000|  0%| F|  |TAMS 0x0000000623400000, 0x0000000623400000| Untracked 

Card table byte_map: [0x000001cd8fd60000,0x000001cd90d50000] _byte_map_base: 0x000001cd8cd44000

Marking Bits (Prev, Next): (CMBitMap*) 0x000001cd8424dde0, (CMBitMap*) 0x000001cd8424dda0
 Prev Bits: [0x000001cd99c60000, 0x000001cda1b80000)
 Next Bits: [0x000001cd91d40000, 0x000001cd99c60000)

Polling page: 0x000001cd82130000

Metaspace:

Usage:
  Non-class:     26.16 MB used.
      Class:      4.11 MB used.
       Both:     30.27 MB used.

Virtual space:
  Non-class space:       64.00 MB reserved,      26.31 MB ( 41%) committed,  1 nodes.
      Class space:        1.00 GB reserved,       4.31 MB ( <1%) committed,  1 nodes.
             Both:        1.06 GB reserved,      30.62 MB (  3%) committed. 

Chunk freelists:
   Non-Class:  4.81 MB
       Class:  11.72 MB
        Both:  16.53 MB

MaxMetaspaceSize: unlimited
CompressedClassSpaceSize: 1.00 GB
Initial GC threshold: 21.00 MB
Current GC threshold: 35.44 MB
CDS: on
MetaspaceReclaimPolicy: balanced
 - commit_granule_bytes: 65536.
 - commit_granule_words: 8192.
 - virtual_space_node_default_size: 8388608.
 - enlarge_chunks_in_place: 1.
 - new_chunks_are_fully_committed: 0.
 - uncommit_free_chunks: 1.
 - use_allocation_guard: 0.
 - handle_deallocations: 1.


Internal statistics:

num_allocs_failed_limit: 3.
num_arena_births: 490.
num_arena_deaths: 0.
num_vsnodes_births: 2.
num_vsnodes_deaths: 0.
num_space_committed: 490.
num_space_uncommitted: 0.
num_chunks_returned_to_freelist: 3.
num_chunks_taken_from_freelist: 1542.
num_chunk_merges: 3.
num_chunk_splits: 983.
num_chunks_enlarged: 678.
num_purges: 0.
num_inconsistent_stats: 0.

CodeCache: size=49152Kb used=8682Kb max_used=9794Kb free=40469Kb
 bounds [0x000001cd8ba40000, 0x000001cd8c3e0000, 0x000001cd8ea40000]
 total_blobs=4833 nmethods=4299 adapters=460
 compilation: enabled
              stopped_count=0, restarted_count=0
 full_count=0

Compilation events (20 events):
Event: 2.500 Thread 0x000001cda48a03d0 4290       1       java.lang.AbstractStringBuilder::append (33 bytes)
Event: 2.500 Thread 0x000001cda48a03d0 nmethod 4290 0x000001cd8c3cfe90 code [0x000001cd8c3d0040, 0x000001cd8c3d01a8]
Event: 2.500 Thread 0x000001cda48a0ac0 4291       1       java.util.HashMap::keysToArray (81 bytes)
Event: 2.500 Thread 0x000001cda48a0ac0 nmethod 4291 0x000001cd8c3d0290 code [0x000001cd8c3d0440, 0x000001cd8c3d0698]
Event: 11.688 Thread 0x000001cda48a03d0 4292       1       java.util.HashMap::values (25 bytes)
Event: 11.688 Thread 0x000001cda48a03d0 nmethod 4292 0x000001cd8bc7d990 code [0x000001cd8bc7db20, 0x000001cd8bc7dcf8]
Event: 12.381 Thread 0x000001cda48a03d0 4293       1       java.lang.StringUTF16::newString (58 bytes)
Event: 12.381 Thread 0x000001cda48a03d0 nmethod 4293 0x000001cd8bc7d290 code [0x000001cd8bc7d460, 0x000001cd8bc7d858]
Event: 14.794 Thread 0x000001cda48a03d0 4294       1       java.lang.Math::min (12 bytes)
Event: 14.794 Thread 0x000001cda48a03d0 nmethod 4294 0x000001cd8bc7cf90 code [0x000001cd8bc7d120, 0x000001cd8bc7d1d8]
Event: 14.794 Thread 0x000001cda48a03d0 4295       1       java.io.ObjectInputStream$HandleTable::assign (48 bytes)
Event: 14.794 Thread 0x000001cda406b070 4296       1       java.io.ObjectInputStream$HandleTable::finish (111 bytes)
Event: 14.794 Thread 0x000001cda48a03d0 nmethod 4295 0x000001cd8bc7ca10 code [0x000001cd8bc7cbc0, 0x000001cd8bc7ce08]
Event: 14.794 Thread 0x000001cda48a03d0 4299       1       java.io.ObjectInputStream$BlockDataInputStream::readUTFBody (192 bytes)
Event: 14.794 Thread 0x000001cda406b070 nmethod 4296 0x000001cd8bc7c410 code [0x000001cd8bc7c5c0, 0x000001cd8bc7c868]
Event: 14.794 Thread 0x000001cda406b070 4297       1       java.io.ObjectInputStream$BlockDataInputStream::readUTF (10 bytes)
Event: 14.794 Thread 0x000001cda406b070 nmethod 4297 0x000001cd8bc7c090 code [0x000001cd8bc7c240, 0x000001cd8bc7c338]
Event: 14.794 Thread 0x000001cda406b070 4298       1       java.io.ObjectInputStream$BlockDataInputStream::readUnsignedShort (76 bytes)
Event: 14.794 Thread 0x000001cda406b070 nmethod 4298 0x000001cd8bc7bb90 code [0x000001cd8bc7bd40, 0x000001cd8bc7bf38]
Event: 14.795 Thread 0x000001cda48a03d0 nmethod 4299 0x000001cd8bc7b090 code [0x000001cd8bc7b2a0, 0x000001cd8bc7b8f8]

GC Heap History (11 events):
Event: 0.653 GC heap before
{Heap before GC invocations=0 (full 0):
 garbage-first heap   total 524288K, used 24576K [0x0000000603800000, 0x0000000800000000)
  region size 4096K, 6 young (24576K), 0 survivors (0K)
 Metaspace       used 8001K, committed 8256K, reserved 1114112K
  class space    used 1023K, committed 1152K, reserved 1048576K
}
Event: 0.656 GC heap after
{Heap after GC invocations=1 (full 0):
 garbage-first heap   total 524288K, used 5950K [0x0000000603800000, 0x0000000800000000)
  region size 4096K, 1 young (4096K), 1 survivors (4096K)
 Metaspace       used 8001K, committed 8256K, reserved 1114112K
  class space    used 1023K, committed 1152K, reserved 1048576K
}
Event: 0.859 GC heap before
{Heap before GC invocations=1 (full 0):
 garbage-first heap   total 524288K, used 26430K [0x0000000603800000, 0x0000000800000000)
  region size 4096K, 6 young (24576K), 1 survivors (4096K)
 Metaspace       used 12704K, committed 12928K, reserved 1114112K
  class space    used 1670K, committed 1792K, reserved 1048576K
}
Event: 0.861 GC heap after
{Heap after GC invocations=2 (full 0):
 garbage-first heap   total 524288K, used 7501K [0x0000000603800000, 0x0000000800000000)
  region size 4096K, 1 young (4096K), 1 survivors (4096K)
 Metaspace       used 12704K, committed 12928K, reserved 1114112K
  class space    used 1670K, committed 1792K, reserved 1048576K
}
Event: 1.524 GC heap before
{Heap before GC invocations=2 (full 0):
 garbage-first heap   total 524288K, used 64845K [0x0000000603800000, 0x0000000800000000)
  region size 4096K, 16 young (65536K), 1 survivors (4096K)
 Metaspace       used 21226K, committed 21504K, reserved 1114112K
  class space    used 2931K, committed 3072K, reserved 1048576K
}
Event: 1.528 GC heap after
{Heap after GC invocations=3 (full 0):
 garbage-first heap   total 524288K, used 12258K [0x0000000603800000, 0x0000000800000000)
  region size 4096K, 2 young (8192K), 2 survivors (8192K)
 Metaspace       used 21226K, committed 21504K, reserved 1114112K
  class space    used 2931K, committed 3072K, reserved 1048576K
}
Event: 1.906 GC heap before
{Heap before GC invocations=4 (full 0):
 garbage-first heap   total 69632K, used 49122K [0x0000000603800000, 0x0000000800000000)
  region size 4096K, 12 young (49152K), 2 survivors (8192K)
 Metaspace       used 27078K, committed 27520K, reserved 1114112K
  class space    used 3673K, committed 3904K, reserved 1048576K
}
Event: 1.910 GC heap after
{Heap after GC invocations=5 (full 0):
 garbage-first heap   total 69632K, used 14596K [0x0000000603800000, 0x0000000800000000)
  region size 4096K, 3 young (12288K), 3 survivors (12288K)
 Metaspace       used 27078K, committed 27520K, reserved 1114112K
  class space    used 3673K, committed 3904K, reserved 1048576K
}
Event: 1.948 GC heap before
{Heap before GC invocations=5 (full 0):
 garbage-first heap   total 69632K, used 18692K [0x0000000603800000, 0x0000000800000000)
  region size 4096K, 4 young (16384K), 3 survivors (12288K)
 Metaspace       used 27476K, committed 27840K, reserved 1114112K
  class space    used 3724K, committed 3904K, reserved 1048576K
}
Event: 1.952 GC heap after
{Heap after GC invocations=6 (full 0):
 garbage-first heap   total 69632K, used 15185K [0x0000000603800000, 0x0000000800000000)
  region size 4096K, 1 young (4096K), 1 survivors (4096K)
 Metaspace       used 27476K, committed 27840K, reserved 1114112K
  class space    used 3724K, committed 3904K, reserved 1048576K
}
Event: 15.390 GC heap before
{Heap before GC invocations=6 (full 0):
 garbage-first heap   total 69632K, used 39761K [0x0000000603800000, 0x0000000800000000)
  region size 4096K, 8 young (32768K), 1 survivors (4096K)
 Metaspace       used 30997K, committed 31360K, reserved 1114112K
  class space    used 4210K, committed 4416K, reserved 1048576K
}

Deoptimization events (14 events):
Event: 0.853 Thread 0x000001cd841a25b0 DEOPT PACKING pc=0x000001cd8bfbef79 sp=0x00000048611fd4f0
Event: 0.853 Thread 0x000001cd841a25b0 DEOPT UNPACKING pc=0x000001cd8ba92b43 sp=0x00000048611fc9d0 mode 3
Event: 1.671 Thread 0x000001cd841a25b0 DEOPT PACKING pc=0x000001cd8c24c9e5 sp=0x00000048611fc580
Event: 1.671 Thread 0x000001cd841a25b0 DEOPT UNPACKING pc=0x000001cd8ba92b43 sp=0x00000048611fbae8 mode 3
Event: 1.680 Thread 0x000001cd841a25b0 DEOPT PACKING pc=0x000001cd8bfeae09 sp=0x00000048611fe960
Event: 1.680 Thread 0x000001cd841a25b0 DEOPT UNPACKING pc=0x000001cd8ba92b43 sp=0x00000048611fddf0 mode 3
Event: 1.680 Thread 0x000001cdeae52ad0 DEOPT PACKING pc=0x000001cd8bfba71f sp=0x00000048638fef40
Event: 1.680 Thread 0x000001cdeae52ad0 DEOPT UNPACKING pc=0x000001cd8ba92b43 sp=0x00000048638fe398 mode 3
Event: 1.760 Thread 0x000001cd841a25b0 DEOPT PACKING pc=0x000001cd8c244079 sp=0x00000048611fb060
Event: 1.760 Thread 0x000001cd841a25b0 DEOPT UNPACKING pc=0x000001cd8ba92b43 sp=0x00000048611fa540 mode 3
Event: 2.248 Thread 0x000001cd841a25b0 DEOPT PACKING pc=0x000001cd8c02c0d2 sp=0x00000048611fc7c0
Event: 2.248 Thread 0x000001cd841a25b0 DEOPT UNPACKING pc=0x000001cd8ba92b43 sp=0x00000048611fbcc8 mode 3
Event: 2.248 Thread 0x000001cd841a25b0 DEOPT PACKING pc=0x000001cd8bfdebe5 sp=0x00000048611fc780
Event: 2.248 Thread 0x000001cd841a25b0 DEOPT UNPACKING pc=0x000001cd8ba92b43 sp=0x00000048611fbcc8 mode 3

Classes unloaded (0 events):
No events

Classes redefined (0 events):
No events

Internal exceptions (20 events):
Event: 1.938 Thread 0x000001cd841a25b0 Exception <a 'java/lang/NoClassDefFoundError'{0x0000000623745018}: io/github/logtube/Logtube> (0x0000000623745018) 
thrown [s\open\src\hotspot\share\classfile\systemDictionary.cpp, line 245]
Event: 1.938 Thread 0x000001cd841a25b0 Exception <a 'java/lang/reflect/InvocationTargetException'{0x0000000623745590}> (0x0000000623745590) 
thrown [s\open\src\hotspot\share\runtime\reflection.cpp, line 1121]
Event: 1.968 Thread 0x000001cd841a25b0 Exception <a 'java/lang/ClassNotFoundException'{0x0000000623551c68}: java/lang/ObjectCustomizer> (0x0000000623551c68) 
thrown [s\open\src\hotspot\share\classfile\systemDictionary.cpp, line 256]
Event: 1.968 Thread 0x000001cd841a25b0 Exception <a 'java/lang/ClassNotFoundException'{0x0000000623558338}: org/springframework/web/servlet/config/annotation/WebMvcConfigurationSupportCustomizer> (0x0000000623558338) 
thrown [s\open\src\hotspot\share\classfile\systemDictionary.cpp, line 256]
Event: 1.968 Thread 0x000001cd841a25b0 Exception <a 'java/lang/ClassNotFoundException'{0x000000062356ad40}: org/springframework/web/servlet/config/annotation/DelegatingWebMvcConfigurationCustomizer> (0x000000062356ad40) 
thrown [s\open\src\hotspot\share\classfile\systemDictionary.cpp, line 256]
Event: 1.968 Thread 0x000001cd841a25b0 Exception <a 'java/lang/ClassNotFoundException'{0x00000006235727f0}: org/springframework/boot/autoconfigure/web/servlet/WebMvcAutoConfiguration$EnableWebMvcConfigurationCustomizer> (0x00000006235727f0) 
thrown [s\open\src\hotspot\share\classfile\systemDictionary.cpp, line 256]
Event: 1.969 Thread 0x000001cd841a25b0 Exception <a 'java/lang/ClassNotFoundException'{0x0000000623584ac0}: org/springframework/context/ResourceLoaderAwareCustomizer> (0x0000000623584ac0) 
thrown [s\open\src\hotspot\share\classfile\systemDictionary.cpp, line 256]
Event: 1.969 Thread 0x000001cd841a25b0 Exception <a 'java/lang/ClassNotFoundException'{0x0000000623588688}: org/springframework/beans/factory/AwareCustomizer> (0x0000000623588688) 
thrown [s\open\src\hotspot\share\classfile\systemDictionary.cpp, line 256]
Event: 1.969 Thread 0x000001cd841a25b0 Exception <a 'java/lang/ClassNotFoundException'{0x000000062358b550}: org/springframework/context/ApplicationContextAwareCustomizer> (0x000000062358b550) 
thrown [s\open\src\hotspot\share\classfile\systemDictionary.cpp, line 256]
Event: 1.969 Thread 0x000001cd841a25b0 Exception <a 'java/lang/ClassNotFoundException'{0x000000062358f7e0}: org/springframework/beans/factory/AwareCustomizer> (0x000000062358f7e0) 
thrown [s\open\src\hotspot\share\classfile\systemDictionary.cpp, line 256]
Event: 1.969 Thread 0x000001cd841a25b0 Exception <a 'java/lang/ClassNotFoundException'{0x00000006235926c0}: org/springframework/web/context/ServletContextAwareCustomizer> (0x00000006235926c0) 
thrown [s\open\src\hotspot\share\classfile\systemDictionary.cpp, line 256]
Event: 1.969 Thread 0x000001cd841a25b0 Exception <a 'java/lang/ClassNotFoundException'{0x00000006235966c0}: org/springframework/beans/factory/AwareCustomizer> (0x00000006235966c0) 
thrown [s\open\src\hotspot\share\classfile\systemDictionary.cpp, line 256]
Event: 2.034 Thread 0x000001cd841a25b0 Exception <a 'java/lang/NoSuchMethodError'{0x000000061f388620}: 'void java.lang.invoke.DirectMethodHandle$Holder.invokeVirtual(java.lang.Object, java.lang.Object, int)'> (0x000000061f388620) 
thrown [s\open\src\hotspot\share\interpreter\linkResolver.cpp, line 759]
Event: 2.035 Thread 0x000001cd841a25b0 Exception <a 'java/lang/NoSuchMethodError'{0x000000061f3a3c88}: 'void java.lang.invoke.DirectMethodHandle$Holder.invokeVirtual(java.lang.Object, java.lang.Object, long)'> (0x000000061f3a3c88) 
thrown [s\open\src\hotspot\share\interpreter\linkResolver.cpp, line 759]
Event: 2.169 Thread 0x000001cd841a25b0 Exception <a 'java/lang/IncompatibleClassChangeError'{0x00000006068dfc18}: Found class java.lang.Object, but interface was expected> (0x00000006068dfc18) 
thrown [s\open\src\hotspot\share\interpreter\linkResolver.cpp, line 826]
Event: 2.336 Thread 0x000001cd841a25b0 Exception <a 'java/lang/NoSuchMethodError'{0x0000000606382120}: 'java.lang.Object java.lang.invoke.DirectMethodHandle$Holder.newInvokeSpecial(java.lang.Object, java.lang.Object, int, java.lang.Object, java.lang.Object)'> (0x0000000606382120) 
thrown [s\open\src\hotspot\share\interpreter\linkResolver.cpp, line 759]
Event: 2.336 Thread 0x000001cd841a25b0 Exception <a 'java/lang/NoSuchMethodError'{0x000000060638d970}: 'java.lang.Object java.lang.invoke.DirectMethodHandle$Holder.invokeSpecial(java.lang.Object, java.lang.Object, int, java.lang.Object, int, java.lang.Object)'> (0x000000060638d970) 
thrown [s\open\src\hotspot\share\interpreter\linkResolver.cpp, line 759]
Event: 2.337 Thread 0x000001cd841a25b0 Exception <a 'java/lang/NoSuchMethodError'{0x0000000606395770}: 'java.lang.Object java.lang.invoke.DirectMethodHandle$Holder.newInvokeSpecial(java.lang.Object, java.lang.Object, int, java.lang.Object, int)'> (0x0000000606395770) 
thrown [s\open\src\hotspot\share\interpreter\linkResolver.cpp, line 759]
Event: 2.337 Thread 0x000001cd841a25b0 Exception <a 'java/lang/NoSuchMethodError'{0x0000000606399870}: 'java.lang.Object java.lang.invoke.DirectMethodHandle$Holder.invokeSpecial(java.lang.Object, java.lang.Object, java.lang.Object, int, java.lang.Object, int)'> (0x0000000606399870) 
thrown [s\open\src\hotspot\share\interpreter\linkResolver.cpp, line 759]
Event: 2.337 Thread 0x000001cd841a25b0 Exception <a 'java/lang/NoSuchMethodError'{0x00000006063a3538}: 'void java.lang.invoke.DirectMethodHandle$Holder.invokeVirtual(java.lang.Object, java.lang.Object)'> (0x00000006063a3538) 
thrown [s\open\src\hotspot\share\interpreter\linkResolver.cpp, line 759]

VM Operations (20 events):
Event: 1.910 Executing VM operation: G1CollectForAllocation done
Event: 1.937 Executing VM operation: HandshakeAllThreads
Event: 1.937 Executing VM operation: HandshakeAllThreads done
Event: 1.948 Executing VM operation: G1CollectForAllocation
Event: 1.952 Executing VM operation: G1CollectForAllocation done
Event: 1.975 Executing VM operation: HandshakeAllThreads
Event: 1.975 Executing VM operation: HandshakeAllThreads done
Event: 1.991 Executing VM operation: HandshakeAllThreads
Event: 1.991 Executing VM operation: HandshakeAllThreads done
Event: 2.045 Executing VM operation: HandshakeAllThreads
Event: 2.045 Executing VM operation: HandshakeAllThreads done
Event: 2.092 Executing VM operation: HandshakeAllThreads
Event: 2.092 Executing VM operation: HandshakeAllThreads done
Event: 2.175 Executing VM operation: HandshakeAllThreads
Event: 2.175 Executing VM operation: HandshakeAllThreads done
Event: 2.350 Executing VM operation: HandshakeAllThreads
Event: 2.350 Executing VM operation: HandshakeAllThreads done
Event: 3.357 Executing VM operation: Cleanup
Event: 3.357 Executing VM operation: Cleanup done
Event: 15.390 Executing VM operation: G1CollectForAllocation

Events (20 events):
Event: 15.385 loading class java/util/concurrent/LinkedBlockingDeque done
Event: 15.385 loading class java/util/concurrent/Semaphore
Event: 15.386 loading class java/util/concurrent/Semaphore done
Event: 15.386 loading class java/util/concurrent/Semaphore$NonfairSync
Event: 15.386 loading class java/util/concurrent/Semaphore$Sync
Event: 15.386 loading class java/util/concurrent/Semaphore$Sync done
Event: 15.386 loading class java/util/concurrent/Semaphore$NonfairSync done
Event: 15.386 loading class sun/nio/ch/SocketAdaptor
Event: 15.386 loading class sun/nio/ch/SocketAdaptor done
Event: 15.386 loading class sun/nio/ch/SocketChannelImpl$DefaultOptionsHolder
Event: 15.386 loading class sun/nio/ch/SocketChannelImpl$DefaultOptionsHolder done
Event: 15.386 loading class sun/nio/ch/SelectionKeyImpl
Event: 15.386 loading class java/nio/channels/spi/AbstractSelectionKey
Event: 15.386 loading class java/nio/channels/SelectionKey
Event: 15.386 loading class java/nio/channels/SelectionKey done
Event: 15.386 loading class java/nio/channels/spi/AbstractSelectionKey done
Event: 15.386 loading class sun/nio/ch/SelectionKeyImpl done
Event: 15.387 loading class java/lang/invoke/ConstantBootstraps
Event: 15.387 loading class java/lang/invoke/ConstantBootstraps done
Event: 15.388 Thread 0x000001cdeafb5ee0 Thread added: 0x000001cdeafb5ee0


Dynamic libraries:
0x00007ff6233b0000 - 0x00007ff6233c0000 	E:\jdk_17\bin\java.exe
0x00007ffbfb8f0000 - 0x00007ffbfbae8000 	C:\WINDOWS\SYSTEM32\ntdll.dll
0x00007ffbf9e90000 - 0x00007ffbf9f4d000 	C:\WINDOWS\System32\KERNEL32.DLL
0x00007ffbf91b0000 - 0x00007ffbf94a6000 	C:\WINDOWS\System32\KERNELBASE.dll
0x00007ffbf94b0000 - 0x00007ffbf95b0000 	C:\WINDOWS\System32\ucrtbase.dll
0x00007ffbdf7b0000 - 0x00007ffbdf7cb000 	E:\jdk_17\bin\VCRUNTIME140.dll
0x00007ffbed390000 - 0x00007ffbed3a9000 	E:\jdk_17\bin\jli.dll
0x00007ffbfb100000 - 0x00007ffbfb1b3000 	C:\WINDOWS\System32\ADVAPI32.dll
0x00007ffbf9950000 - 0x00007ffbf99ee000 	C:\WINDOWS\System32\msvcrt.dll
0x00007ffbfa6a0000 - 0x00007ffbfa73f000 	C:\WINDOWS\System32\sechost.dll
0x00007ffbf9d60000 - 0x00007ffbf9e86000 	C:\WINDOWS\System32\RPCRT4.dll
0x00007ffbf9910000 - 0x00007ffbf9937000 	C:\WINDOWS\System32\bcrypt.dll
0x00007ffbf9a80000 - 0x00007ffbf9c1e000 	C:\WINDOWS\System32\USER32.dll
0x00007ffbf9870000 - 0x00007ffbf9892000 	C:\WINDOWS\System32\win32u.dll
0x00007ffbd8f20000 - 0x00007ffbd91ba000 	C:\WINDOWS\WinSxS\amd64_microsoft.windows.common-controls_6595b64144ccf1df_6.0.19041.3636_none_60b6a03d71f818d5\COMCTL32.dll
0x00007ffbf99f0000 - 0x00007ffbf9a1c000 	C:\WINDOWS\System32\GDI32.dll
0x00007ffbf9750000 - 0x00007ffbf986a000 	C:\WINDOWS\System32\gdi32full.dll
0x00007ffbf9600000 - 0x00007ffbf969d000 	C:\WINDOWS\System32\msvcp_win.dll
0x00007ffbeee90000 - 0x00007ffbeee9a000 	C:\WINDOWS\SYSTEM32\VERSION.dll
0x00007ffbfa100000 - 0x00007ffbfa130000 	C:\WINDOWS\System32\IMM32.DLL
0x00007ffbef8c0000 - 0x00007ffbef8cc000 	E:\jdk_17\bin\vcruntime140_1.dll
0x00007ffbc14d0000 - 0x00007ffbc155e000 	E:\jdk_17\bin\msvcp140.dll
0x00007ffb757e0000 - 0x00007ffb763be000 	E:\jdk_17\bin\server\jvm.dll
0x00007ffbfa250000 - 0x00007ffbfa258000 	C:\WINDOWS\System32\PSAPI.DLL
0x00007ffbf1910000 - 0x00007ffbf1919000 	C:\WINDOWS\SYSTEM32\WSOCK32.dll
0x00007ffbd9b40000 - 0x00007ffbd9b67000 	C:\WINDOWS\SYSTEM32\WINMM.dll
0x00007ffbfa1e0000 - 0x00007ffbfa24b000 	C:\WINDOWS\System32\WS2_32.dll
0x00007ffbf77c0000 - 0x00007ffbf77d2000 	C:\WINDOWS\SYSTEM32\kernel.appcore.dll
0x00007ffbed510000 - 0x00007ffbed51a000 	E:\jdk_17\bin\jimage.dll
0x00007ffbf6b70000 - 0x00007ffbf6d54000 	C:\WINDOWS\SYSTEM32\DBGHELP.DLL
0x00007ffbcf230000 - 0x00007ffbcf264000 	C:\WINDOWS\SYSTEM32\dbgcore.DLL
0x00007ffbf8fc0000 - 0x00007ffbf9042000 	C:\WINDOWS\System32\bcryptPrimitives.dll
0x00007ffbed160000 - 0x00007ffbed16e000 	E:\jdk_17\bin\instrument.dll
0x00007ffbd7150000 - 0x00007ffbd7175000 	E:\jdk_17\bin\java.dll
0x00007ffbc13f0000 - 0x00007ffbc14c7000 	E:\jdk_17\bin\jsvml.dll
0x00007ffbfa740000 - 0x00007ffbfae85000 	C:\WINDOWS\System32\SHELL32.dll
0x00007ffbf7010000 - 0x00007ffbf77ab000 	C:\WINDOWS\SYSTEM32\windows.storage.dll
0x00007ffbfa340000 - 0x00007ffbfa694000 	C:\WINDOWS\System32\combase.dll
0x00007ffbf89f0000 - 0x00007ffbf8a1d000 	C:\WINDOWS\SYSTEM32\Wldp.dll
0x00007ffbfae90000 - 0x00007ffbfaf3d000 	C:\WINDOWS\System32\SHCORE.dll
0x00007ffbfb300000 - 0x00007ffbfb355000 	C:\WINDOWS\System32\shlwapi.dll
0x00007ffbf8ef0000 - 0x00007ffbf8f15000 	C:\WINDOWS\SYSTEM32\profapi.dll
0x00007ffbd9370000 - 0x00007ffbd9388000 	E:\jdk_17\bin\zip.dll
0x00007ffbdf6e0000 - 0x00007ffbdf6f9000 	E:\jdk_17\bin\net.dll
0x00007ffbed890000 - 0x00007ffbed99a000 	C:\WINDOWS\SYSTEM32\WINHTTP.dll
0x00007ffbf8700000 - 0x00007ffbf876a000 	C:\WINDOWS\system32\mswsock.dll
0x00007ffbdd980000 - 0x00007ffbdd996000 	E:\jdk_17\bin\nio.dll
0x00007ffbd9280000 - 0x00007ffbd929a000 	E:\IntelliJ IDEA 2022.1.3\bin\breakgen64.dll
0x00007ffbf8410000 - 0x00007ffbf84da000 	C:\WINDOWS\SYSTEM32\DNSAPI.dll
0x00007ffbf83c0000 - 0x00007ffbf83fb000 	C:\WINDOWS\SYSTEM32\IPHLPAPI.DLL
0x00007ffbf9940000 - 0x00007ffbf9948000 	C:\WINDOWS\System32\NSI.dll
0x00007ffbee7b0000 - 0x00007ffbee7ba000 	C:\Windows\System32\rasadhlp.dll
0x00007ffbea2a0000 - 0x00007ffbea320000 	C:\WINDOWS\System32\fwpuclnt.dll
0x00007ffbece60000 - 0x00007ffbece6a000 	E:\jdk_17\bin\management.dll
0x00007ffbdfcf0000 - 0x00007ffbdfcfb000 	E:\jdk_17\bin\management_ext.dll
0x00007ffbf8920000 - 0x00007ffbf8938000 	C:\WINDOWS\SYSTEM32\CRYPTSP.dll
0x00007ffbf7fd0000 - 0x00007ffbf8004000 	C:\WINDOWS\system32\rsaenh.dll
0x00007ffbf8e70000 - 0x00007ffbf8e9e000 	C:\WINDOWS\SYSTEM32\USERENV.dll
0x00007ffbf8940000 - 0x00007ffbf894c000 	C:\WINDOWS\SYSTEM32\CRYPTBASE.dll
0x00007ffbeddf0000 - 0x00007ffbede07000 	C:\WINDOWS\SYSTEM32\dhcpcsvc6.DLL
0x00007ffbeee00000 - 0x00007ffbeee1d000 	C:\WINDOWS\SYSTEM32\dhcpcsvc.DLL
0x00007ffbc3560000 - 0x00007ffbc3577000 	C:\WINDOWS\system32\napinsp.dll
0x00007ffbc3540000 - 0x00007ffbc355b000 	C:\WINDOWS\system32\pnrpnsp.dll
0x00007ffbf07c0000 - 0x00007ffbf07d5000 	C:\WINDOWS\system32\wshbth.dll
0x00007ffbf10c0000 - 0x00007ffbf10dd000 	C:\WINDOWS\system32\NLAapi.dll
0x00007ffbc3520000 - 0x00007ffbc3532000 	C:\WINDOWS\System32\winrnr.dll
0x00007ffbdf7a0000 - 0x00007ffbdf7ae000 	E:\jdk_17\bin\sunmscapi.dll
0x00007ffbf9050000 - 0x00007ffbf91ad000 	C:\WINDOWS\System32\CRYPT32.dll
0x00007ffbf8a60000 - 0x00007ffbf8a88000 	C:\WINDOWS\SYSTEM32\ncrypt.dll
0x00007ffbf8a20000 - 0x00007ffbf8a5b000 	C:\WINDOWS\SYSTEM32\NTASN1.dll
0x00007ffbdb540000 - 0x00007ffbdb547000 	C:\WINDOWS\system32\wshunix.dll

dbghelp: loaded successfully - version: 4.0.5 - missing functions: none
symbol engine: initialized successfully - sym options: 0x614 - pdb path: .;E:\jdk_17\bin;C:\WINDOWS\SYSTEM32;C:\WINDOWS\WinSxS\amd64_microsoft.windows.common-controls_6595b64144ccf1df_6.0.19041.3636_none_60b6a03d71f818d5;E:\jdk_17\bin\server;E:\IntelliJ IDEA 2022.1.3\bin

VM Arguments:
jvm_args: -XX:TieredStopAtLevel=1 -Xverify:none -Dspring.output.ansi.enabled=always -Dcom.sun.management.jmxremote -Dspring.jmx.enabled=true -Dspring.liveBeansView.mbeanDomain -Dspring.application.admin.enabled=true -javaagent:E:\IntelliJ IDEA 2022.1.3\lib\idea_rt.jar=9576:E:\IntelliJ IDEA 2022.1.3\bin -Dfile.encoding=UTF-8 
java_command: com.example.SpringbootApplication
java_class_path (initial): E:\basic_cil\manager\springboot\target\classes;C:\Users\monster\.m2\repository\org\springframework\boot\spring-boot-starter-web\2.5.9\spring-boot-starter-web-2.5.9.jar;C:\Users\monster\.m2\repository\org\springframework\boot\spring-boot-starter\2.5.9\spring-boot-starter-2.5.9.jar;C:\Users\monster\.m2\repository\org\springframework\boot\spring-boot\2.5.9\spring-boot-2.5.9.jar;C:\Users\monster\.m2\repository\org\springframework\boot\spring-boot-autoconfigure\2.5.9\spring-boot-autoconfigure-2.5.9.jar;C:\Users\monster\.m2\repository\org\springframework\boot\spring-boot-starter-logging\2.5.9\spring-boot-starter-logging-2.5.9.jar;C:\Users\monster\.m2\repository\ch\qos\logback\logback-classic\1.2.10\logback-classic-1.2.10.jar;C:\Users\monster\.m2\repository\ch\qos\logback\logback-core\1.2.10\logback-core-1.2.10.jar;C:\Users\monster\.m2\repository\org\apache\logging\log4j\log4j-to-slf4j\2.17.1\log4j-to-slf4j-2.17.1.jar;C:\Users\monster\.m2\repository\org\apache\logging\log4j\log4j-api\2.17.1\log4j-api-2.17.1.jar;C:\Users\monster\.m2\repository\org\slf4j\jul-to-slf4j\1.7.33\jul-to-slf4j-1.7.33.jar;C:\Users\monster\.m2\repository\jakarta\annotation\jakarta.annotation-api\1.3.5\jakarta.annotation-api-1.3.5.jar;C:\Users\monster\.m2\repository\org\springframework\spring-core\5.3.15\spring-core-5.3.15.jar;C:\Users\monster\.m2\repository\org\springframework\spring-jcl\5.3.15\spring-jcl-5.3.15.jar;C:\Users\monster\.m2\repository\org\yaml\snakeyaml\1.28\snakeyaml-1.28.jar;C:\Users\monster\.m2\repository\org\springframework\boot\spring-boot-starter-json\2.5.9\spring-boot-starter-json-2.5.9.jar;C:\Users\monster\.m2\repository\com\fasterxml\jackson\datatype\jackson-datatype-jdk8\2.12.6\jackson-datatype-jdk8-2.12.6.jar;C:\Users\monster\.m2\repository\com\fasterxml\jackson\datatype\jackson-datatype-jsr310\2.12.6\jackson-datatype-jsr310-2.12.6.jar;C:\Users\monster\.m2\repository\com\fasterxml\jackson\module\jackson-module-parameter-names\2.12.6\jackson-module-
Launcher Type: SUN_STANDARD

[Global flags]
     intx CICompilerCount                          = 4                                         {product} {ergonomic}
     uint ConcGCThreads                            = 3                                         {product} {ergonomic}
     uint G1ConcRefinementThreads                  = 10                                        {product} {ergonomic}
   size_t G1HeapRegionSize                         = 4194304                                   {product} {ergonomic}
    uintx GCDrainStackTargetSize                   = 64                                        {product} {ergonomic}
   size_t InitialHeapSize                          = 536870912                                 {product} {ergonomic}
     bool ManagementServer                         = true                                      {product} {command line}
   size_t MarkStackSize                            = 4194304                                   {product} {ergonomic}
   size_t MaxHeapSize                              = 8531214336                                {product} {ergonomic}
   size_t MaxNewSize                               = 5117050880                                {product} {ergonomic}
   size_t MinHeapDeltaBytes                        = 4194304                                   {product} {ergonomic}
   size_t MinHeapSize                              = 8388608                                   {product} {ergonomic}
    uintx NonProfiledCodeHeapSize                  = 0                                      {pd product} {ergonomic}
     bool ProfileInterpreter                       = false                                  {pd product} {command line}
    uintx ProfiledCodeHeapSize                     = 0                                      {pd product} {ergonomic}
   size_t SoftMaxHeapSize                          = 8531214336                             {manageable} {ergonomic}
     intx TieredStopAtLevel                        = 1                                         {product} {command line}
     bool UseCompressedClassPointers               = true                           {product lp64_product} {ergonomic}
     bool UseCompressedOops                        = true                           {product lp64_product} {ergonomic}
     bool UseG1GC                                  = true                                      {product} {ergonomic}
     bool UseLargePagesIndividualAllocation        = false                                  {pd product} {ergonomic}

Logging:
Log output configuration:
 #0: stdout all=warning uptime,level,tags
 #1: stderr all=off uptime,level,tags

Environment Variables:
PATH=E:\wget;C:\Program Files\NVIDIA GPU Computing Toolkit\CUDA\v11.7\bin;C:\Program Files\NVIDIA GPU Computing Toolkit\CUDA\v11.7\libnvvp;C:\Program Files\Common Files\Oracle\Java\javapath;C:\Program Files (x86)\Common Files\Oracle\Java\javapath;C:\windows\system32;C:\windows;C:\windows\System32\Wbem;C:\windows\System32\WindowsPowerShell\v1.0\;C:\windows\System32\OpenSSH\;C:\Program Files (x86)\NVIDIA Corporation\PhysX\Common;C:\Program Files\NVIDIA Corporation\NVIDIA NvDLISR;C:\WINDOWS\system32;C:\WINDOWS;C:\WINDOWS\System32\Wbem;C:\WINDOWS\System32\WindowsPowerShell\v1.0\;C:\WINDOWS\System32\OpenSSH\;E:\java\bin;E:\java\jre\bin;C:\Program Files\dotnet\;E:\weChat_development\微信web开发者工具\dll;E:\SQL;teStudio;E:\Git\cmd;C:\Program Files\NVIDIA Corporation\Nsight Compute 2022.2.0\;C:\Program Files\Tailscale\;E:\aconda\Library\bin;E:\TortoiseSVN\bin;"E:\tomcat\bin;";C:\Program Files\Docker\Docker\resources\bin;E:\Program Files\MySQL\MySQL Server 8.0\bin;E:\basic_cil\node\;C:\ProgramData\chocolatey\bin;E:\python\Scripts\;E:\python\;C:\Users\monster\AppData\Local\Microsoft\WindowsApps;E:\pycharm\PyCharm Community Edition 2022.1\bin;;C:\Users\monster\.dotnet\tools;E:\Microsoft VS Code\bin;C:\ProgramData\monster\GitHubDesktop\bin;C:\Users\monster\AppData\Local\GitHubDesktop\bin;F:\texlive\2023\bin\windows;C:\Users\monster\AppData\Roaming\npm
USERNAME=monster
OS=Windows_NT
PROCESSOR_IDENTIFIER=Intel64 Family 6 Model 165 Stepping 2, GenuineIntel



---------------  S Y S T E M  ---------------

OS:
 Windows 10 , 64 bit Build 19041 (10.0.19041.3636)
OS uptime: 1 days 7:07 hours
Hyper-V role detected

CPU: total 12 (initial active 12) (6 cores per cpu, 2 threads per core) family 6 model 165 stepping 2 microcode 0xea, cx8, cmov, fxsr, ht, mmx, 3dnowpref, sse, sse2, sse3, ssse3, sse4.1, sse4.2, popcnt, lzcnt, tsc, tscinvbit, avx, avx2, aes, erms, clmul, bmi1, bmi2, adx, fma, vzeroupper, clflush, clflushopt, hv

Memory: 4k page, system-wide physical 32534M (3199M free)
TotalPageFile size 32534M (AvailPageFile size 23M)
current process WorkingSet (physical memory assigned to process): 152M, peak: 154M
current process commit charge ("private bytes"): 204M, peak: 651M

vm_info: Java HotSpot(TM) 64-Bit Server VM (17.0.8+9-LTS-211) for windows-amd64 JRE (17.0.8+9-LTS-211), built on Jun 14 2023 10:34:31 by "mach5one" with MS VC++ 17.1 (VS2022)

END.
